<?xml version="1.0" encoding="UTF-8"?>
<testsuite name="edu.csula.storage.servlet.GeneratorsDAOImplTest" tests="6" skipped="0" failures="0" errors="0" timestamp="2018-05-13T06:48:59" hostname="DESKTOP-B5CNPKR" time="0.012">
  <properties/>
  <testcase name="getAll" classname="edu.csula.storage.servlet.GeneratorsDAOImplTest" time="0.004"/>
  <testcase name="remove" classname="edu.csula.storage.servlet.GeneratorsDAOImplTest" time="0.001"/>
  <testcase name="getById" classname="edu.csula.storage.servlet.GeneratorsDAOImplTest" time="0.001"/>
  <testcase name="add" classname="edu.csula.storage.servlet.GeneratorsDAOImplTest" time="0.001"/>
  <testcase name="set" classname="edu.csula.storage.servlet.GeneratorsDAOImplTest" time="0.001"/>
  <testcase name="getAllWhenNull" classname="edu.csula.storage.servlet.GeneratorsDAOImplTest" time="0.001"/>
  <system-out><![CDATA[]]></system-out>
  <system-err><![CDATA[]]></system-err>
</testsuite>
