<?xml version="1.0" encoding="UTF-8"?>
<testsuite name="edu.csula.storage.servlet.UsersDAOImplTest" tests="3" skipped="0" failures="0" errors="0" timestamp="2018-05-13T06:48:59" hostname="DESKTOP-B5CNPKR" time="0.03">
  <properties/>
  <testcase name="logout" classname="edu.csula.storage.servlet.UsersDAOImplTest" time="0.025"/>
  <testcase name="getAuthenticatedUser" classname="edu.csula.storage.servlet.UsersDAOImplTest" time="0.001"/>
  <testcase name="authenticate" classname="edu.csula.storage.servlet.UsersDAOImplTest" time="0.001"/>
  <system-out><![CDATA[]]></system-out>
  <system-err><![CDATA[]]></system-err>
</testsuite>
